<?xml version="1.0" encoding="UTF-8"?>
<!-- Generated by org.testng.reporters.JUnitReportReporter -->
<testsuite hostname="9f00e408a189" failures="0" tests="5" name="csv302.GradeApiTest" time="18.519" errors="0" timestamp="2026-05-21T09:32:10 UTC" skipped="0">
  <testcase classname="csv302.GradeApiTest" name="deletePostTest" time="1.046"/>
  <testcase classname="csv302.GradeApiTest" name="createPostTest" time="15.706"/>
  <testcase classname="csv302.GradeApiTest" name="getAllPostsTest" time="0.777"/>
  <testcase classname="csv302.GradeApiTest" name="getInvalidPostTest" time="0.403"/>
  <testcase classname="csv302.GradeApiTest" name="getSinglePostTest" time="0.587"/>
</testsuite> <!-- csv302.GradeApiTest -->
