<?xml version="1.0" encoding="UTF-8"?>
<!-- Generated by org.testng.reporters.JUnitXMLReporter -->
<testsuite ignored="0" hostname="9f00e408a189" failures="0" tests="5" name="Surefire test" time="25.035" errors="0" timestamp="2026-05-21T09:32:09 UTC">
  <testcase classname="csv302.GradeApiTest" name="createPostTest" time="15.706"/>
  <testcase classname="csv302.GradeApiTest" name="deletePostTest" time="1.046"/>
  <testcase classname="csv302.GradeApiTest" name="getAllPostsTest" time="0.777"/>
  <testcase classname="csv302.GradeApiTest" name="getInvalidPostTest" time="0.403"/>
  <testcase classname="csv302.GradeApiTest" name="getSinglePostTest" time="0.587"/>
</testsuite> <!-- Surefire test -->
